[15:12:34] [Client thread/INFO]: Setting user: Player828
[15:12:34] [Client thread/INFO]: (Session ID is token:0:Player828)
[15:12:36] [Client thread/INFO]: [OptiFine] *** Reflector Forge ***
[15:12:36] [Client thread/INFO]: [OptiFine] *** Reflector Vanilla ***
[15:12:36] [Client thread/INFO]: [OptiFine] (Reflector) Class not present: net.minecraftforge.fml.common.eventhandler.Event$Result
[15:12:36] [Client thread/INFO]: LWJGL Version: 2.9.4
[15:12:40] [Client thread/INFO]: [OptiFine] 
[15:12:40] [Client thread/INFO]: [OptiFine] OptiFine_1.8.9_HD_U_M6_pre2
[15:12:40] [Client thread/INFO]: [OptiFine] Build: null
[15:12:40] [Client thread/INFO]: [OptiFine] OS: Windows 10 (amd64) version 10.0
[15:12:40] [Client thread/INFO]: [OptiFine] Java: 1.8.0_322, Temurin
[15:12:40] [Client thread/INFO]: [OptiFine] VM: OpenJDK 64-Bit Server VM (mixed mode), Temurin
[15:12:40] [Client thread/INFO]: [OptiFine] LWJGL: 2.9.4
[15:12:40] [Client thread/INFO]: [OptiFine] OpenGL: GeForce GT 630/PCIe/SSE2, version 4.6.0 NVIDIA 391.35, NVIDIA Corporation
[15:12:40] [Client thread/INFO]: [OptiFine] OpenGL Version: 4.6.0
[15:12:40] [Client thread/INFO]: [OptiFine] Maximum texture size: 16384x16384
[15:12:40] [VersionCheck/INFO]: [OptiFine] Checking for new version
[15:12:40] [Client thread/INFO]: [Shaders] OpenGL Version: 4.6.0 NVIDIA 391.35
[15:12:40] [Client thread/INFO]: [Shaders] Vendor:  NVIDIA Corporation
[15:12:40] [Client thread/INFO]: [Shaders] Renderer: GeForce GT 630/PCIe/SSE2
[15:12:40] [Client thread/INFO]: [Shaders] Capabilities:  2.0  2.1  3.0  3.2  4.0 
[15:12:40] [Client thread/INFO]: [Shaders] GL_MAX_DRAW_BUFFERS: 8
[15:12:40] [Client thread/INFO]: [Shaders] GL_MAX_COLOR_ATTACHMENTS_EXT: 8
[15:12:40] [Client thread/INFO]: [Shaders] GL_MAX_TEXTURE_IMAGE_UNITS: 32
[15:12:40] [Client thread/INFO]: [Shaders] Load shaders configuration.
[15:12:40] [Client thread/INFO]: [Shaders] No shaderpack loaded.
[15:12:40] [Client thread/INFO]: [OptiFine] (Reflector) Class not present: net.minecraftforge.fml.common.Loader
[15:12:44] [VersionCheck/INFO]: [OptiFine] Version found: M5
[15:12:44] [Client thread/INFO]: [OptiFine] (Reflector) Class not present: net.minecraftforge.fml.client.SplashProgress
[15:12:44] [Client thread/INFO]: Reloading ResourceManager: Default
[15:12:44] [Client thread/INFO]: [OptiFine] (Reflector) Class not present: optifine.OptiFineClassTransformer
[15:12:44] [Client thread/INFO]: [OptiFine] *** Reloading textures ***
[15:12:44] [Client thread/INFO]: [OptiFine] Resource packs: Default
[15:12:44] [Client thread/INFO]: [OptiFine] (Reflector) Class not present: net.minecraftforge.client.model.Attributes
[15:12:44] [Client thread/INFO]: [OptiFine] (Reflector) Method not present: net.minecraft.client.renderer.vertex.VertexFormatElement$EnumUsage.preDraw
[15:12:44] [Client thread/INFO]: [OptiFine] (Reflector) Method not present: net.minecraft.client.renderer.vertex.VertexFormatElement$EnumUsage.postDraw
[15:12:44] [Sound Library Loader/INFO]: Starting up SoundSystem...
[15:12:45] [Thread-6/INFO]: Initializing LWJGL OpenAL
[15:12:45] [Thread-6/INFO]: (The LWJGL binding of OpenAL.  For more information, see http://www.lwjgl.org)
[15:12:45] [Thread-6/INFO]: OpenAL initialized.
[15:12:45] [Sound Library Loader/INFO]: Sound engine started
[15:12:48] [Client thread/INFO]: [OptiFine] (Reflector) Class not present: net.minecraftforge.client.ForgeHooksClient
[15:12:51] [Client thread/INFO]: [OptiFine] Mipmap levels: 4
[15:12:52] [Client thread/INFO]: [OptiFine] Multitexture: false
[15:12:52] [Client thread/INFO]: [OptiFine] ConnectedTextures: mcpatcher/ctm/default/0_glass_white/glass_pane_white.properties
[15:12:52] [Client thread/INFO]: [OptiFine] ConnectedTextures: mcpatcher/ctm/default/0_glass_white/glass_white.properties
[15:12:52] [Client thread/INFO]: [OptiFine] ConnectedTextures: mcpatcher/ctm/default/10_glass_purple/glass_pane_purple.properties
[15:12:52] [Client thread/INFO]: [OptiFine] ConnectedTextures: mcpatcher/ctm/default/10_glass_purple/glass_purple.properties
[15:12:52] [Client thread/INFO]: [OptiFine] ConnectedTextures: mcpatcher/ctm/default/11_glass_blue/glass_blue.properties
[15:12:52] [Client thread/INFO]: [OptiFine] ConnectedTextures: mcpatcher/ctm/default/11_glass_blue/glass_pane_blue.properties
[15:12:52] [Client thread/INFO]: [OptiFine] ConnectedTextures: mcpatcher/ctm/default/12_glass_brown/glass_brown.properties
[15:12:52] [Client thread/INFO]: [OptiFine] ConnectedTextures: mcpatcher/ctm/default/12_glass_brown/glass_pane_brown.properties
[15:12:52] [Client thread/INFO]: [OptiFine] ConnectedTextures: mcpatcher/ctm/default/13_glass_green/glass_green.properties
[15:12:52] [Client thread/INFO]: [OptiFine] ConnectedTextures: mcpatcher/ctm/default/13_glass_green/glass_pane_green.properties
[15:12:52] [Client thread/INFO]: [OptiFine] ConnectedTextures: mcpatcher/ctm/default/14_glass_red/glass_pane_red.properties
[15:12:52] [Client thread/INFO]: [OptiFine] ConnectedTextures: mcpatcher/ctm/default/14_glass_red/glass_red.properties
[15:12:52] [Client thread/INFO]: [OptiFine] ConnectedTextures: mcpatcher/ctm/default/15_glass_black/glass_black.properties
[15:12:52] [Client thread/INFO]: [OptiFine] ConnectedTextures: mcpatcher/ctm/default/15_glass_black/glass_pane_black.properties
[15:12:52] [Client thread/INFO]: [OptiFine] ConnectedTextures: mcpatcher/ctm/default/1_glass_orange/glass_orange.properties
[15:12:53] [Client thread/INFO]: [OptiFine] ConnectedTextures: mcpatcher/ctm/default/1_glass_orange/glass_pane_orange.properties
[15:12:53] [Client thread/INFO]: [OptiFine] ConnectedTextures: mcpatcher/ctm/default/2_glass_magenta/glass_magenta.properties
[15:12:53] [Client thread/INFO]: [OptiFine] ConnectedTextures: mcpatcher/ctm/default/2_glass_magenta/glass_pane_magenta.properties
[15:12:53] [Client thread/INFO]: [OptiFine] ConnectedTextures: mcpatcher/ctm/default/3_glass_light_blue/glass_light_blue.properties
[15:12:53] [Client thread/INFO]: [OptiFine] ConnectedTextures: mcpatcher/ctm/default/3_glass_light_blue/glass_pane_light_blue.properties
[15:12:53] [Client thread/INFO]: [OptiFine] ConnectedTextures: mcpatcher/ctm/default/4_glass_yellow/glass_pane_yellow.properties
[15:12:53] [Client thread/INFO]: [OptiFine] ConnectedTextures: mcpatcher/ctm/default/4_glass_yellow/glass_yellow.properties
[15:12:53] [Client thread/INFO]: [OptiFine] ConnectedTextures: mcpatcher/ctm/default/5_glass_lime/glass_lime.properties
[15:12:53] [Client thread/INFO]: [OptiFine] ConnectedTextures: mcpatcher/ctm/default/5_glass_lime/glass_pane_lime.properties
[15:12:53] [Client thread/INFO]: [OptiFine] ConnectedTextures: mcpatcher/ctm/default/6_glass_pink/glass_pane_pink.properties
[15:12:53] [Client thread/INFO]: [OptiFine] ConnectedTextures: mcpatcher/ctm/default/6_glass_pink/glass_pink.properties
[15:12:53] [Client thread/INFO]: [OptiFine] ConnectedTextures: mcpatcher/ctm/default/7_glass_gray/glass_gray.properties
[15:12:53] [Client thread/INFO]: [OptiFine] ConnectedTextures: mcpatcher/ctm/default/7_glass_gray/glass_pane_gray.properties
[15:12:53] [Client thread/INFO]: [OptiFine] ConnectedTextures: mcpatcher/ctm/default/8_glass_silver/glass_pane_silver.properties
[15:12:53] [Client thread/INFO]: [OptiFine] ConnectedTextures: mcpatcher/ctm/default/8_glass_silver/glass_silver.properties
[15:12:53] [Client thread/INFO]: [OptiFine] ConnectedTextures: mcpatcher/ctm/default/9_glass_cyan/glass_cyan.properties
[15:12:53] [Client thread/INFO]: [OptiFine] ConnectedTextures: mcpatcher/ctm/default/9_glass_cyan/glass_pane_cyan.properties
[15:12:53] [Client thread/INFO]: [OptiFine] ConnectedTextures: mcpatcher/ctm/default/bookshelf.properties
[15:12:53] [Client thread/INFO]: [OptiFine] ConnectedTextures: mcpatcher/ctm/default/glass.properties
[15:12:53] [Client thread/INFO]: [OptiFine] ConnectedTextures: mcpatcher/ctm/default/glasspane.properties
[15:12:53] [Client thread/INFO]: [OptiFine] ConnectedTextures: mcpatcher/ctm/default/sandstone.properties
[15:12:53] [Client thread/INFO]: [OptiFine] Multipass connected textures: false
[15:12:53] [Client thread/INFO]: [OptiFine] BetterGrass: Parsing default configuration optifine/bettergrass.properties
[15:12:55] [Client thread/INFO]: Created: 1024x512 textures-atlas
[15:12:55] [Client thread/INFO]: [OptiFine] Animated sprites: 11
[15:12:55] [Client thread/INFO]: [OptiFine] (Reflector) Class not present: net.minecraftforge.client.model.ModelLoader
[15:12:56] [Client thread/INFO]: [OptiFine] (Reflector) Class not present: net.minecraftforge.client.ItemModelMesherForge
[15:12:56] [Client thread/INFO]: [OptiFine] (Reflector) Class not present: net.minecraftforge.fml.client.registry.RenderingRegistry
[15:12:56] [Client thread/INFO]: [OptiFine] (Reflector) Class not present: net.minecraftforge.common.ForgeModContainer
[15:12:56] [Client thread/INFO]: [OptiFine] (Reflector) Class not present: net.minecraftforge.fml.client.GuiModList
[15:12:57] [Client thread/INFO]: [OptiFine] (Reflector) Class not present: mods.betterfoliage.client.BetterFoliageClient
[15:12:57] [Client thread/INFO]: [OptiFine] (Reflector) Class not present: net.minecraftforge.fml.common.asm.transformers.BlamingTransformer
[15:12:57] [Client thread/INFO]: [OptiFine] (Reflector) Class not present: net.minecraftforge.event.world.ChunkWatchEvent$UnWatch
[15:12:57] [Client thread/INFO]: [OptiFine] (Reflector) Class not present: net.minecraftforge.fml.relauncher.CoreModManager
[15:12:57] [Client thread/INFO]: [OptiFine] (Reflector) Class not present: net.minecraftforge.common.DimensionManager
[15:12:57] [Client thread/INFO]: [OptiFine] (Reflector) Class not present: net.minecraftforge.client.event.GuiScreenEvent$DrawScreenEvent$Pre
[15:12:57] [Client thread/INFO]: [OptiFine] (Reflector) Class not present: net.minecraftforge.client.event.GuiScreenEvent$DrawScreenEvent$Post
[15:12:57] [Client thread/INFO]: [OptiFine] (Reflector) Class not present: net.minecraftforge.client.event.EntityViewRenderEvent$CameraSetup
[15:12:57] [Client thread/INFO]: [OptiFine] (Reflector) Class not present: net.minecraftforge.client.event.EntityViewRenderEvent$FogColors
[15:12:57] [Client thread/INFO]: [OptiFine] (Reflector) Class not present: net.minecraftforge.fml.common.eventhandler.Event
[15:12:57] [Client thread/INFO]: [OptiFine] (Reflector) Class not present: net.minecraftforge.fml.common.eventhandler.EventBus
[15:12:57] [Client thread/INFO]: [OptiFine] (Reflector) Class not present: net.minecraftforge.common.property.ExtendedBlockState
[15:12:57] [Client thread/INFO]: [OptiFine] (Reflector) Class not present: net.minecraftforge.fml.client.FMLClientHandler
[15:12:57] [Client thread/INFO]: [OptiFine] (Reflector) Class not present: net.minecraftforge.fml.common.FMLCommonHandler
[15:12:57] [Client thread/INFO]: [OptiFine] (Reflector) Method not present: net.minecraft.world.biome.BiomeGenBase.getWaterColorMultiplier
[15:12:57] [Client thread/INFO]: [OptiFine] (Reflector) Method not present: net.minecraft.block.Block.addDestroyEffects
[15:12:57] [Client thread/INFO]: [OptiFine] (Reflector) Method not present: net.minecraft.block.Block.addHitEffects
[15:12:57] [Client thread/INFO]: [OptiFine] (Reflector) Method not present: net.minecraft.block.Block.canCreatureSpawn
[15:12:57] [Client thread/INFO]: [OptiFine] (Reflector) Method not present: net.minecraft.block.Block.canRenderInLayer
[15:12:57] [Client thread/INFO]: [OptiFine] (Reflector) Method not present: net.minecraft.block.Block.doesSideBlockRendering
[15:12:57] [Client thread/INFO]: [OptiFine] (Reflector) Method not present: net.minecraft.block.Block.getBedDirection
[15:12:57] [Client thread/INFO]: [OptiFine] (Reflector) Method not present: net.minecraft.block.Block.getExtendedState
[15:12:57] [Client thread/INFO]: [OptiFine] (Reflector) Method not present: net.minecraft.block.Block.getLightOpacity
[15:12:57] [Client thread/INFO]: [OptiFine] (Reflector) Method not present: net.minecraft.block.Block.getLightValue
[15:12:57] [Client thread/INFO]: [OptiFine] (Reflector) Method not present: net.minecraft.block.Block.hasTileEntity
[15:12:57] [Client thread/INFO]: [OptiFine] (Reflector) Method not present: net.minecraft.block.Block.isAir
[15:12:57] [Client thread/INFO]: [OptiFine] (Reflector) Method not present: net.minecraft.block.Block.isBed
[15:12:57] [Client thread/INFO]: [OptiFine] (Reflector) Method not present: net.minecraft.block.Block.isBedFoot
[15:12:57] [Client thread/INFO]: [OptiFine] (Reflector) Method not present: net.minecraft.block.Block.isSideSolid
[15:12:57] [Client thread/INFO]: [OptiFine] (Reflector) Method not present: net.minecraft.world.ChunkCache.isSideSolid
[15:12:57] [Client thread/INFO]: [OptiFine] (Reflector) Method not present: net.minecraft.entity.Entity.canRiderInteract
[15:12:57] [Client thread/INFO]: [OptiFine] (Reflector) Field not present: net.minecraft.entity.Entity.captureDrops
[15:12:57] [Client thread/INFO]: [OptiFine] (Reflector) Field not present: net.minecraft.entity.Entity.capturedDrops
[15:12:57] [Client thread/INFO]: [OptiFine] (Reflector) Method not present: net.minecraft.entity.Entity.shouldRenderInPass
[15:12:57] [Client thread/INFO]: [OptiFine] (Reflector) Method not present: net.minecraft.entity.Entity.shouldRiderSit
[15:12:57] [Client thread/INFO]: [OptiFine] (Reflector) Class not present: net.minecraftforge.event.ForgeEventFactory
[15:12:57] [Client thread/INFO]: [OptiFine] (Reflector) Class not present: net.minecraftforge.common.ForgeHooks
[15:12:57] [Client thread/INFO]: [OptiFine] (Reflector) Field not present: net.minecraft.item.Item.delegate
[15:12:57] [Client thread/INFO]: [OptiFine] (Reflector) Method not present: net.minecraft.item.Item.getDurabilityForDisplay
[15:12:57] [Client thread/INFO]: [OptiFine] (Reflector) Method not present: net.minecraft.item.Item.getModel
[15:12:57] [Client thread/INFO]: [OptiFine] (Reflector) Method not present: net.minecraft.item.Item.onEntitySwing
[15:12:57] [Client thread/INFO]: [OptiFine] (Reflector) Method not present: net.minecraft.item.Item.shouldCauseReequipAnimation
[15:12:57] [Client thread/INFO]: [OptiFine] (Reflector) Method not present: net.minecraft.item.Item.showDurabilityBar
[15:12:57] [Client thread/INFO]: [OptiFine] (Reflector) Method not present: net.minecraft.potion.PotionEffect.isCurativeItem
[15:12:57] [Client thread/INFO]: [OptiFine] (Reflector) Method not present: net.minecraft.tileentity.TileEntity.canRenderBreaking
[15:12:57] [Client thread/INFO]: [OptiFine] (Reflector) Method not present: net.minecraft.tileentity.TileEntity.getRenderBoundingBox
[15:12:57] [Client thread/INFO]: [OptiFine] (Reflector) Method not present: net.minecraft.tileentity.TileEntity.hasFastRenderer
[15:12:57] [Client thread/INFO]: [OptiFine] (Reflector) Method not present: net.minecraft.tileentity.TileEntity.shouldRenderInPass
[15:12:57] [Client thread/INFO]: [OptiFine] (Reflector) Method not present: net.minecraft.world.World.countEntities
[15:12:57] [Client thread/INFO]: [OptiFine] (Reflector) Method not present: net.minecraft.world.World.getPerWorldStorage
[15:12:57] [Client thread/INFO]: [OptiFine] (Reflector) Method not present: net.minecraft.world.WorldProvider.getCloudRenderer
[15:12:57] [Client thread/INFO]: [OptiFine] (Reflector) Method not present: net.minecraft.world.WorldProvider.getSkyRenderer
[15:12:57] [Client thread/INFO]: [OptiFine] (Reflector) Method not present: net.minecraft.world.WorldProvider.getWeatherRenderer
[15:12:57] [Client thread/INFO]: [OptiFine] (Reflector) Method not present: net.minecraft.world.WorldProvider.getSaveFolder
[15:12:57] [Client thread/INFO]: [OptiFine] (Reflector) Class not present: net.minecraftforge.client.model.IColoredBakedQuad
[15:12:57] [Client thread/INFO]: [OptiFine] (Reflector) Class not present: net.minecraftforge.common.property.IExtendedBlockState
[15:12:57] [Client thread/INFO]: [OptiFine] (Reflector) Class not present: net.minecraftforge.client.model.IModel
[15:12:57] [Client thread/INFO]: [OptiFine] (Reflector) Class not present: net.minecraftforge.client.IRenderHandler
[15:12:57] [Client thread/INFO]: [OptiFine] (Reflector) Class not present: net.minecraftforge.client.model.pipeline.LightUtil
[15:12:57] [Client thread/INFO]: [OptiFine] (Reflector) Class not present: net.minecraftforge.common.MinecraftForge
[15:12:57] [Client thread/INFO]: [OptiFine] (Reflector) Class not present: net.minecraftforge.client.MinecraftForgeClient
[15:12:57] [Client thread/INFO]: [OptiFine] (Reflector) Class not present: net.minecraftforge.fml.common.ModContainer
[15:12:57] [Client thread/INFO]: [OptiFine] (Reflector) Class not present: net.minecraftforge.client.model.ModelLoader$VanillaLoader
[15:12:57] [Client thread/INFO]: [OptiFine] (Reflector) Class not present: net.minecraftforge.client.event.RenderBlockOverlayEvent$OverlayType
[15:12:57] [Client thread/INFO]: [OptiFine] (Reflector) Class not present: net.minecraftforge.client.event.RenderItemInFrameEvent
[15:12:57] [Client thread/INFO]: [OptiFine] (Reflector) Class not present: net.minecraftforge.client.event.RenderLivingEvent$Pre
[15:12:57] [Client thread/INFO]: [OptiFine] (Reflector) Class not present: net.minecraftforge.client.event.RenderLivingEvent$Post
[15:12:57] [Client thread/INFO]: [OptiFine] (Reflector) Class not present: net.minecraftforge.client.event.RenderLivingEvent$Specials$Pre
[15:12:57] [Client thread/INFO]: [OptiFine] (Reflector) Class not present: net.minecraftforge.client.event.RenderLivingEvent$Specials$Post
[15:12:57] [Client thread/INFO]: [OptiFine] (Reflector) Class not present: net.minecraftforge.event.world.WorldEvent$Load
[15:12:57] [Client thread/INFO]: [OptiFine] *** Reloading custom textures ***
[15:12:57] [Client thread/INFO]: [OptiFine] Enable face culling: acacia_leaves, birch_leaves, dark_oak_leaves, jungle_leaves, oak_leaves, spruce_leaves
[15:13:02] [Client thread/WARN]: Unable to play unknown soundEvent: minecraft:gui.button.press
[15:13:03] [Client thread/WARN]: Unable to play unknown soundEvent: minecraft:music.menu
[15:13:04] [Client thread/WARN]: Unable to play unknown soundEvent: minecraft:gui.button.press
[15:13:04] [Client thread/WARN]: Unable to play unknown soundEvent: minecraft:gui.button.press
[15:13:05] [Client thread/INFO]: Connecting to 193.164.7.185, 25565
[15:13:05] [Client thread/INFO]: [CHAT] Player828 joined the game
[15:13:07] [Client thread/WARN]: Unable to play unknown soundEvent: minecraft:mob.spider.say
[15:13:08] [Client thread/WARN]: Unable to play unknown soundEvent: minecraft:step.grass
[15:13:08] [Client thread/INFO]: [CHAT] [Server: Opped Player828]
[15:13:09] [Client thread/WARN]: Unable to play unknown soundEvent: minecraft:step.grass
[15:13:09] [Client thread/WARN]: Unable to play unknown soundEvent: minecraft:creeper.primed
[15:13:10] [Client thread/WARN]: Unable to play unknown soundEvent: minecraft:game.player.hurt
[15:13:10] [Client thread/WARN]: Unable to play unknown soundEvent: minecraft:random.explode
[15:13:11] [Client thread/WARN]: Unable to play unknown soundEvent: minecraft:step.grass
[15:13:17] [Client thread/WARN]: Unable to play unknown soundEvent: minecraft:step.snow
[15:13:17] [Client thread/WARN]: Unable to play unknown soundEvent: minecraft:step.snow
[15:13:18] [Client thread/INFO]: [CHAT] Unknown command. Type "/help" for help.
[15:13:19] [Client thread/WARN]: Unable to play unknown soundEvent: minecraft:step.snow
[15:13:19] [Client thread/WARN]: Unable to play unknown soundEvent: minecraft:step.snow
[15:13:21] [Client thread/INFO]: [CHAT] true redThing
[15:13:21] [Client thread/WARN]: Unable to play unknown soundEvent: minecraft:music.game
[15:13:22] [Client thread/INFO]: [CHAT] false redThing
[15:13:22] [Client thread/WARN]: Unable to play unknown soundEvent: minecraft:step.stone
[15:13:22] [Client thread/WARN]: Unable to play unknown soundEvent: minecraft:step.snow
[15:13:22] [Client thread/INFO]: [CHAT] true redThing
[15:13:23] [Client thread/WARN]: Unable to play unknown soundEvent: minecraft:step.snow
[15:13:24] [Client thread/WARN]: Unable to play unknown soundEvent: minecraft:step.snow
[15:13:24] [Client thread/INFO]: [CHAT] false redThing
[15:13:24] [Client thread/WARN]: Unable to play unknown soundEvent: minecraft:step.snow
[15:13:25] [Client thread/WARN]: Unable to play unknown soundEvent: minecraft:step.snow
[15:13:25] [Client thread/INFO]: [CHAT] true redThing
[15:13:25] [Client thread/WARN]: Unable to play unknown soundEvent: minecraft:step.stone
[15:13:26] [Client thread/WARN]: Unable to play unknown soundEvent: minecraft:step.stone
[15:13:26] [Client thread/WARN]: Unable to play unknown soundEvent: minecraft:step.stone
[15:13:26] [Client thread/WARN]: Unable to play unknown soundEvent: minecraft:step.sand
[15:13:27] [Client thread/WARN]: Unable to play unknown soundEvent: minecraft:step.stone
[15:13:28] [Client thread/WARN]: Unable to play unknown soundEvent: minecraft:step.stone
[15:13:28] [Client thread/WARN]: Unable to play unknown soundEvent: minecraft:step.sand
[15:13:28] [Client thread/WARN]: Unable to play unknown soundEvent: minecraft:step.stone
[15:13:29] [Client thread/WARN]: Unable to play unknown soundEvent: minecraft:step.stone
[15:13:29] [Client thread/WARN]: Unable to play unknown soundEvent: minecraft:step.sand
[15:13:29] [Client thread/WARN]: Unable to play unknown soundEvent: minecraft:step.sand
[15:13:30] [Client thread/WARN]: Unable to play unknown soundEvent: minecraft:step.sand
[15:13:30] [Client thread/WARN]: Unable to play unknown soundEvent: minecraft:step.sand
[15:13:31] [Client thread/WARN]: Unable to play unknown soundEvent: minecraft:step.sand
[15:13:32] [Client thread/WARN]: Unable to play unknown soundEvent: minecraft:step.stone
[15:13:33] [Client thread/INFO]: Stopping!
[15:13:33] [Client thread/INFO]: SoundSystem shutting down...
[15:13:33] [Client thread/WARN]: Author: Paul Lamb, www.paulscode.com
